2026-04-10 06:01:40 [INFO] c.s.c.o.OnlineVotingSystemApplication - Starting OnlineVotingSystemApplication using Java 21.0.10 with PID 11480 (D:\Projects\Online-Voting-System\target\classes started by sayan in D:\Projects\Online-Voting-System)
2026-04-10 06:01:40 [INFO] c.s.c.o.OnlineVotingSystemApplication - No active profile set, falling back to 1 default profile: "default"
2026-04-10 06:01:40 [INFO] o.s.d.r.c.RepositoryConfigurationDelegate - Bootstrapping Spring Data JPA repositories in DEFAULT mode.
2026-04-10 06:01:41 [INFO] o.s.d.r.c.RepositoryConfigurationDelegate - Finished Spring Data repository scanning in 60 ms. Found 8 JPA repository interfaces.
2026-04-10 06:01:41 [INFO] o.s.b.w.e.tomcat.TomcatWebServer - Tomcat initialized with port 9061 (http)
2026-04-10 06:01:41 [INFO] o.a.coyote.http11.Http11NioProtocol - Initializing ProtocolHandler ["http-nio-9061"]
2026-04-10 06:01:41 [INFO] o.a.catalina.core.StandardService - Starting service [Tomcat]
2026-04-10 06:01:41 [INFO] o.a.catalina.core.StandardEngine - Starting Servlet engine: [Apache Tomcat/10.1.20]
2026-04-10 06:01:41 [INFO] o.a.c.c.C.[Tomcat].[localhost].[/] - Initializing Spring embedded WebApplicationContext
2026-04-10 06:01:41 [INFO] o.s.b.w.s.c.ServletWebServerApplicationContext - Root WebApplicationContext: initialization completed in 1098 ms
2026-04-10 06:01:41 [INFO] o.h.jpa.internal.util.LogHelper - HHH000204: Processing PersistenceUnitInfo [name: default]
2026-04-10 06:01:41 [INFO] org.hibernate.Version - HHH000412: Hibernate ORM core version 6.4.4.Final
2026-04-10 06:01:41 [INFO] o.h.c.i.RegionFactoryInitiator - HHH000026: Second-level cache disabled
2026-04-10 06:01:41 [INFO] o.s.o.j.p.SpringPersistenceUnitInfo - No LoadTimeWeaver setup: ignoring JPA class transformer
2026-04-10 06:01:41 [INFO] com.zaxxer.hikari.HikariDataSource - HikariPool-1 - Starting...
2026-04-10 06:01:42 [INFO] com.zaxxer.hikari.pool.HikariPool - HikariPool-1 - Added connection com.mysql.cj.jdbc.ConnectionImpl@6cbdd1c5
2026-04-10 06:01:42 [INFO] com.zaxxer.hikari.HikariDataSource - HikariPool-1 - Start completed.
2026-04-10 06:01:42 [WARN] org.hibernate.orm.deprecation - HHH90000025: MySQLDialect does not need to be specified explicitly using 'hibernate.dialect' (remove the property setting and it will be selected by default)
2026-04-10 06:01:43 [INFO] o.h.e.t.j.p.i.JtaPlatformInitiator - HHH000489: No JTA platform available (set 'hibernate.transaction.jta.platform' to enable JTA platform integration)
2026-04-10 06:01:43 [INFO] o.s.o.j.LocalContainerEntityManagerFactoryBean - Initialized JPA EntityManagerFactory for persistence unit 'default'
2026-04-10 06:01:43 [INFO] o.s.d.j.r.query.QueryEnhancerFactory - Hibernate is in classpath; If applicable, HQL parser will be used.
2026-04-10 06:01:43 [WARN] o.s.b.a.o.j.JpaBaseConfiguration$JpaWebConfiguration - spring.jpa.open-in-view is enabled by default. Therefore, database queries may be performed during view rendering. Explicitly configure spring.jpa.open-in-view to disable this warning
2026-04-10 06:01:43 [INFO] o.a.coyote.http11.Http11NioProtocol - Starting ProtocolHandler ["http-nio-9061"]
2026-04-10 06:01:43 [INFO] o.s.b.w.e.tomcat.TomcatWebServer - Tomcat started on port 9061 (http) with context path ''
2026-04-10 06:01:43 [INFO] c.s.c.o.OnlineVotingSystemApplication - Started OnlineVotingSystemApplication in 3.811 seconds (process running for 8.954)
2026-04-10 06:02:49 [INFO] o.a.c.c.C.[Tomcat].[localhost].[/] - Initializing Spring DispatcherServlet 'dispatcherServlet'
2026-04-10 06:02:49 [INFO] o.s.web.servlet.DispatcherServlet - Initializing Servlet 'dispatcherServlet'
2026-04-10 06:02:49 [INFO] o.s.web.servlet.DispatcherServlet - Completed initialization in 2 ms
2026-04-10 06:02:49 [INFO] c.s.c.o.S.I.AdminServicesImpl - Starting the registration process
2026-04-10 06:02:49 [INFO] c.s.c.o.S.I.AdminServicesImpl - Hash of pass$2a$12$BL0hI.ahJqBkvQxvObNnRebywc4lUtxQKDHkUMSaMS2KP6cshOWtS
2026-04-10 06:02:49 [INFO] c.s.c.o.S.I.AdminServicesImpl - Ending the registration processe572ac42
2026-04-10 06:02:49 [INFO] c.s.c.o.Controller.AdminControllers - Admin registered: e572ac422026-04-10T06:02:49.770735600
2026-04-10 06:04:06 [INFO] o.s.o.j.LocalContainerEntityManagerFactoryBean - Closing JPA EntityManagerFactory for persistence unit 'default'
2026-04-10 06:04:06 [INFO] com.zaxxer.hikari.HikariDataSource - HikariPool-1 - Shutdown initiated...
2026-04-10 06:04:06 [INFO] com.zaxxer.hikari.HikariDataSource - HikariPool-1 - Shutdown completed.
2026-04-10T06:04:08.675+05:30  INFO 24360 --- [Online-Voting-System] [main] c.s.c.o.OnlineVotingSystemApplication    : Starting OnlineVotingSystemApplication using Java 21.0.10 with PID 24360 (D:\Projects\Online-Voting-System\target\classes started by sayan in D:\Projects\Online-Voting-System)
2026-04-10T06:04:08.677+05:30  INFO 24360 --- [Online-Voting-System] [main] c.s.c.o.OnlineVotingSystemApplication    : No active profile set, falling back to 1 default profile: "default"
2026-04-10T06:04:09.123+05:30  INFO 24360 --- [Online-Voting-System] [main] .s.d.r.c.RepositoryConfigurationDelegate : Bootstrapping Spring Data JPA repositories in DEFAULT mode.
2026-04-10T06:04:09.180+05:30  INFO 24360 --- [Online-Voting-System] [main] .s.d.r.c.RepositoryConfigurationDelegate : Finished Spring Data repository scanning in 51 ms. Found 8 JPA repository interfaces.
2026-04-10T06:04:09.468+05:30  INFO 24360 --- [Online-Voting-System] [main] o.s.b.w.embedded.tomcat.TomcatWebServer  : Tomcat initialized with port 9061 (http)
2026-04-10T06:04:09.477+05:30  INFO 24360 --- [Online-Voting-System] [main] o.apache.catalina.core.StandardService   : Starting service [Tomcat]
2026-04-10T06:04:09.477+05:30  INFO 24360 --- [Online-Voting-System] [main] o.apache.catalina.core.StandardEngine    : Starting Servlet engine: [Apache Tomcat/10.1.20]
2026-04-10T06:04:09.509+05:30  INFO 24360 --- [Online-Voting-System] [main] o.a.c.c.C.[Tomcat].[localhost].[/]       : Initializing Spring embedded WebApplicationContext
2026-04-10T06:04:09.509+05:30  INFO 24360 --- [Online-Voting-System] [main] w.s.c.ServletWebServerApplicationContext : Root WebApplicationContext: initialization completed in 793 ms
2026-04-10T06:04:09.600+05:30  INFO 24360 --- [Online-Voting-System] [main] o.hibernate.jpa.internal.util.LogHelper  : HHH000204: Processing PersistenceUnitInfo [name: default]
2026-04-10T06:04:09.631+05:30  INFO 24360 --- [Online-Voting-System] [main] org.hibernate.Version                    : HHH000412: Hibernate ORM core version 6.4.4.Final
2026-04-10T06:04:09.648+05:30  INFO 24360 --- [Online-Voting-System] [main] o.h.c.internal.RegionFactoryInitiator    : HHH000026: Second-level cache disabled
2026-04-10T06:04:09.802+05:30  INFO 24360 --- [Online-Voting-System] [main] o.s.o.j.p.SpringPersistenceUnitInfo      : No LoadTimeWeaver setup: ignoring JPA class transformer
2026-04-10T06:04:09.829+05:30  INFO 24360 --- [Online-Voting-System] [main] com.zaxxer.hikari.HikariDataSource       : HikariPool-1 - Starting...
2026-04-10T06:04:09.937+05:30  INFO 24360 --- [Online-Voting-System] [main] com.zaxxer.hikari.pool.HikariPool        : HikariPool-1 - Added connection com.mysql.cj.jdbc.ConnectionImpl@5a06904
2026-04-10T06:04:09.938+05:30  INFO 24360 --- [Online-Voting-System] [main] com.zaxxer.hikari.HikariDataSource       : HikariPool-1 - Start completed.
2026-04-10T06:04:09.981+05:30  WARN 24360 --- [Online-Voting-System] [main] org.hibernate.orm.deprecation            : HHH90000025: MySQLDialect does not need to be specified explicitly using 'hibernate.dialect' (remove the property setting and it will be selected by default)
2026-04-10T06:04:10.692+05:30  INFO 24360 --- [Online-Voting-System] [main] o.h.e.t.j.p.i.JtaPlatformInitiator       : HHH000489: No JTA platform available (set 'hibernate.transaction.jta.platform' to enable JTA platform integration)
2026-04-10T06:04:10.768+05:30  INFO 24360 --- [Online-Voting-System] [main] j.LocalContainerEntityManagerFactoryBean : Initialized JPA EntityManagerFactory for persistence unit 'default'
2026-04-10T06:04:10.941+05:30  INFO 24360 --- [Online-Voting-System] [main] o.s.d.j.r.query.QueryEnhancerFactory     : Hibernate is in classpath; If applicable, HQL parser will be used.
2026-04-10T06:04:11.063+05:30  WARN 24360 --- [Online-Voting-System] [main] JpaBaseConfiguration$JpaWebConfiguration : spring.jpa.open-in-view is enabled by default. Therefore, database queries may be performed during view rendering. Explicitly configure spring.jpa.open-in-view to disable this warning
2026-04-10T06:04:11.294+05:30  INFO 24360 --- [Online-Voting-System] [main] o.s.b.w.embedded.tomcat.TomcatWebServer  : Tomcat started on port 9061 (http) with context path ''
2026-04-10T06:04:11.301+05:30  INFO 24360 --- [Online-Voting-System] [main] c.s.c.o.OnlineVotingSystemApplication    : Started OnlineVotingSystemApplication in 2.906 seconds (process running for 3.339)
2026-04-10T06:07:44.269+05:30  INFO 24360 --- [Online-Voting-System] [http-nio-9061-exec-1] o.a.c.c.C.[Tomcat].[localhost].[/]       : Initializing Spring DispatcherServlet 'dispatcherServlet'
2026-04-10T06:07:44.270+05:30  INFO 24360 --- [Online-Voting-System] [http-nio-9061-exec-1] o.s.web.servlet.DispatcherServlet        : Initializing Servlet 'dispatcherServlet'
2026-04-10T06:07:44.271+05:30  INFO 24360 --- [Online-Voting-System] [http-nio-9061-exec-1] o.s.web.servlet.DispatcherServlet        : Completed initialization in 1 ms
2026-04-10T06:07:44.318+05:30  INFO 24360 --- [Online-Voting-System] [http-nio-9061-exec-1] c.s.c.o.Controller.AdminControllers      : Login e572ac42
2026-04-10T06:07:44.318+05:30  INFO 24360 --- [Online-Voting-System] [http-nio-9061-exec-1] c.s.c.o.Controller.AdminControllers      : Session ID : 02F9A97610A3926ACF058B85AA8AC6CC
2026-04-10T06:07:44.655+05:30  INFO 24360 --- [Online-Voting-System] [http-nio-9061-exec-1] c.s.c.o.Controller.AdminControllers      : Login successful2026-04-10T06:07:44.655023700
2026-04-10T06:07:51.166+05:30  INFO 24360 --- [Online-Voting-System] [http-nio-9061-exec-2] c.s.c.o.Controller.AdminControllers      : Session ID : 
2026-04-10T06:07:51.166+05:30  INFO 24360 --- [Online-Voting-System] [http-nio-9061-exec-2] c.s.c.o.Controller.AdminControllers      : Admin view: null2026-04-10T06:07:51.166409700
2026-04-10T06:07:51.180+05:30  INFO 24360 --- [Online-Voting-System] [http-nio-9061-exec-2] c.s.c.o.Controller.AdminControllers      : Session ID : 
2026-04-10T06:07:51.180+05:30  INFO 24360 --- [Online-Voting-System] [http-nio-9061-exec-2] c.s.c.o.Controller.AdminControllers      : Error while viewing admin : null2026-04-10T06:07:51.180918900
2026-04-10T06:08:16.709+05:30  INFO 24360 --- [Online-Voting-System] [http-nio-9061-exec-4] c.s.c.o.Controller.AdminControllers      : Session ID : 
2026-04-10T06:08:16.988+05:30  INFO 24360 --- [Online-Voting-System] [http-nio-9061-exec-4] c.s.c.o.Controller.AdminControllers      : Logout successful2026-04-10T06:08:16.988437500
2026-04-10T06:08:16.988+05:30  INFO 24360 --- [Online-Voting-System] [http-nio-9061-exec-4] c.s.c.o.Controller.AdminControllers      : Session ID : 
2026-04-10T06:08:16.988+05:30  INFO 24360 --- [Online-Voting-System] [http-nio-9061-exec-4] c.s.c.o.Controller.AdminControllers      : Deleting Session for : e572ac422026-04-10T06:08:16.988991500
2026-04-10T06:09:07.436+05:30  INFO 24360 --- [Online-Voting-System] [SpringApplicationShutdownHook] j.LocalContainerEntityManagerFactoryBean : Closing JPA EntityManagerFactory for persistence unit 'default'
2026-04-10T06:09:07.439+05:30  INFO 24360 --- [Online-Voting-System] [SpringApplicationShutdownHook] com.zaxxer.hikari.HikariDataSource       : HikariPool-1 - Shutdown initiated...
2026-04-10T06:09:07.447+05:30  INFO 24360 --- [Online-Voting-System] [SpringApplicationShutdownHook] com.zaxxer.hikari.HikariDataSource       : HikariPool-1 - Shutdown completed.
